=== RUN   TestSortSingleValue
--- PASS: TestSortSingleValue (0.00s)
	IntTree_test.go:126: Testing with 1 total values, 1 unique values, 0 rebalances
=== RUN   TestSortBalancedValues
--- PASS: TestSortBalancedValues (0.00s)
	IntTree_test.go:126: Testing with 3 total values, 3 unique values, 0 rebalances
=== RUN   TestSortUnbalancedValuesAscending
--- PASS: TestSortUnbalancedValuesAscending (0.00s)
	IntTree_test.go:126: Testing with 3 total values, 3 unique values, 1 rebalances
=== RUN   TestSortUnbalancedValuesDescending
--- PASS: TestSortUnbalancedValuesDescending (0.00s)
	IntTree_test.go:126: Testing with 3 total values, 3 unique values, 1 rebalances
=== RUN   TestSortUnbalancedValuesMostlyAscending
--- PASS: TestSortUnbalancedValuesMostlyAscending (0.00s)
	IntTree_test.go:126: Testing with 5 total values, 5 unique values, 1 rebalances
=== RUN   TestSortUnbalancedValuesMostlyDescending
--- PASS: TestSortUnbalancedValuesMostlyDescending (0.00s)
	IntTree_test.go:126: Testing with 5 total values, 5 unique values, 1 rebalances
=== RUN   TestSortUnbalancedValuesComplex
--- PASS: TestSortUnbalancedValuesComplex (0.00s)
	IntTree_test.go:126: Testing with 9 total values, 9 unique values, 2 rebalances
=== RUN   TestSortABitOfRandomData
--- PASS: TestSortABitOfRandomData (0.00s)
	IntTree_test.go:126: Testing with 10 total values, 6 unique values, 2 rebalances
=== RUN   TestSortSomeRandomData
--- PASS: TestSortSomeRandomData (0.00s)
	IntTree_test.go:126: Testing with 20 total values, 9 unique values, 5 rebalances
=== RUN   TestSortMoreRandomData
--- PASS: TestSortMoreRandomData (0.00s)
	IntTree_test.go:126: Testing with 40 total values, 22 unique values, 21 rebalances
=== RUN   TestSortLotsOfRandomData
--- PASS: TestSortLotsOfRandomData (0.00s)
	IntTree_test.go:126: Testing with 400 total values, 176 unique values, 531 rebalances
=== RUN   TestSort4kOfRandomData
--- PASS: TestSort4kOfRandomData (0.08s)
	IntTree_test.go:126: Testing with 4000 total values, 1746 unique values, 43677 rebalances
=== RUN   TestSort40kOfRandomData
--- PASS: TestSort40kOfRandomData (5.48s)
	IntTree_test.go:126: Testing with 40000 total values, 17270 unique values, 3173681 rebalances
PASS
ok  	github.com/Scalu/sortablechallenge/binaryTree	5.656s
