=== RUN   TestSortSingleValue
Process count: 1
1 (1/1) BTPInsert1 Locking   btp nil, parent nil, left nil, right nil, branch bounds nil - nil, weight 0, possible weight mods -0 +0
1 (1/1) BTPInsert1 Locked    btp nil, parent nil, left nil, right nil, branch bounds nil - nil, weight 0, possible weight mods -0 +0
1 (1/1) BTPInsert1 Unlocking btp 1, parent nil, left nil, right nil, branch bounds 1 - 1, weight 0, possible weight mods -0 +0
1 (1/1) BTPInsert1 Unlocked  btp 1, parent nil, left nil, right nil, branch bounds 1 - 1, weight 0, possible weight mods -0 +0
Process count: 2
Process count: 1
1 (1/1) BTPSearch1 Locking   btp 1, parent nil, left nil, right nil, branch bounds 1 - 1, weight 0, possible weight mods -0 +0
1 (1/1) BTPSearch1 Locked    btp 1, parent nil, left nil, right nil, branch bounds 1 - 1, weight 0, possible weight mods -0 +0
1 (1/1) BTPSearch1 Unlocking btp 1, parent nil, left nil, right nil, branch bounds 1 - 1, weight 0, possible weight mods -0 +0
1 (1/1) BTPSearch1 Unlocked  btp 1, parent nil, left nil, right nil, branch bounds 1 - 1, weight 0, possible weight mods -0 +0
Process count: 0
prev -1 next 1
Process count: 0
--- PASS: TestSortSingleValue (0.00s)
	BinaryTreeParrallel_test.go:128: Testing with 1 total values, 0 unique values
=== RUN   TestSortBalancedValues
Process count: 1
2 (1/3) BTPInsert2 Locking   btp nil, parent nil, left nil, right nil, branch bounds nil - nil, weight 0, possible weight mods -0 +0
2 (1/3) BTPInsert2 Locked    btp nil, parent nil, left nil, right nil, branch bounds nil - nil, weight 0, possible weight mods -0 +0
2 (1/3) BTPInsert2 Unlocking btp 2, parent nil, left nil, right nil, branch bounds 2 - 2, weight 0, possible weight mods -0 +0
Process count: 2
1 (2/3) BTPInsert1 Locking   btp 2, parent nil, left nil, right nil, branch bounds 2 - 2, weight 0, possible weight mods -0 +0
2 (1/3) BTPInsert2 Unlocked  btp 2, parent nil, left nil, right nil, branch bounds 2 - 2, weight 0, possible weight mods -0 +0
1 (2/3) BTPInsert1 Locked    btp 2, parent nil, left nil, right nil, branch bounds 2 - 2, weight 0, possible weight mods -0 +0
Process count: 1
1 (2/3) BTPInsert1 Locking   btp nil, parent 2, left nil, right nil, branch bounds nil - nil, weight 0, possible weight mods -0 +0
Process count: 2
1 (2/3) BTPInsert1 Locked    btp nil, parent 2, left nil, right nil, branch bounds nil - nil, weight 0, possible weight mods -0 +0
1 (2/3) BTPInsert1 Unlocking btp 2, parent nil, left nil, right nil, branch bounds 1 - 2, weight 0, possible weight mods -1 +0
3 (3/3) BTPInsert3 Locking   btp 2, parent nil, left nil, right nil, branch bounds 1 - 2, weight 0, possible weight mods -1 +0
1 (2/3) BTPInsert1 Unlocked  btp 2, parent nil, left nil, right nil, branch bounds 1 - 2, weight 0, possible weight mods -1 +0
3 (3/3) BTPInsert3 Locked    btp 2, parent nil, left nil, right nil, branch bounds 1 - 2, weight 0, possible weight mods -1 +0
1 (2/3) BTPInsert1 Unlocking btp 1, parent 2, left nil, right nil, branch bounds 1 - 1, weight 0, possible weight mods -0 +0
1 (2/3) BTPInsert1 Unlocked  btp 1, parent 2, left nil, right nil, branch bounds 1 - 1, weight 0, possible weight mods -0 +0
3 (3/3) BTPInsert3 Locking   btp nil, parent 2, left nil, right nil, branch bounds nil - nil, weight 0, possible weight mods -0 +0
Process count: 3
1 (2/3) BTPInsert1 adjusting weights btp 2, parent nil, left 1, right nil, branch bounds 1 - 3, weight -1, possible weight mods -0 +1
3 (3/3) BTPInsert3 Locked    btp nil, parent 2, left nil, right nil, branch bounds nil - nil, weight 0, possible weight mods -0 +0
Process count: 2
2 (1/3) BTPSearch2 Locking   btp 2, parent nil, left 1, right nil, branch bounds 1 - 3, weight 0, possible weight mods -1 +1
3 (3/3) BTPInsert3 Unlocking btp 2, parent nil, left 1, right nil, branch bounds 1 - 3, weight -1, possible weight mods -0 +1
2 (1/3) BTPSearch2 Locked    btp 2, parent nil, left 1, right nil, branch bounds 1 - 3, weight -1, possible weight mods -0 +1
3 (3/3) BTPInsert3 Unlocked  btp 2, parent nil, left 1, right nil, branch bounds 1 - 3, weight -1, possible weight mods -0 +1
2 (1/3) BTPSearch2 Unlocking btp 2, parent nil, left 1, right nil, branch bounds 1 - 3, weight -1, possible weight mods -0 +1
3 (3/3) BTPInsert3 Unlocking btp 3, parent 2, left nil, right nil, branch bounds 3 - 3, weight 0, possible weight mods -0 +0
2 (1/3) BTPSearch2 Unlocked  btp 2, parent nil, left 1, right 3, branch bounds 1 - 3, weight -1, possible weight mods -0 +1
Process count: 3
3 (3/3) BTPInsert3 Unlocked  btp 3, parent 2, left nil, right nil, branch bounds 3 - 3, weight 0, possible weight mods -0 +0
Process count: 2
1 (2/3) BTPSearch1 Locking   btp 2, parent nil, left 1, right nil, branch bounds 1 - 3, weight -1, possible weight mods -0 +1
3 (3/3) BTPInsert3 adjusting weights btp 2, parent nil, left 1, right 3, branch bounds 1 - 3, weight 0, possible weight mods -0 +0
1 (2/3) BTPSearch1 Locked    btp 2, parent nil, left 1, right 3, branch bounds 1 - 3, weight 0, possible weight mods -0 +0
Process count: 1
1 (2/3) BTPSearch1 Locking   btp 1, parent 2, left nil, right nil, branch bounds 1 - 1, weight 0, possible weight mods -0 +0
Process count: 2
1 (2/3) BTPSearch1 Locked    btp 1, parent 2, left nil, right nil, branch bounds 1 - 1, weight 0, possible weight mods -0 +0
prev -1 next 1
prev 1 next 2
3 (3/3) BTPSearch3 Locking   btp 2, parent nil, left 1, right 3, branch bounds 1 - 3, weight 0, possible weight mods -0 +0
prev 2 next 3
1 (2/3) BTPSearch1 Unlocking btp 2, parent nil, left 1, right 3, branch bounds 1 - 3, weight 0, possible weight mods -0 +0
--- PASS: TestSortBalancedValues (0.00s)
	BinaryTreeParrallel_test.go:128: Testing with 3 total values, 3 unique values
=== RUN   TestSortUnbalancedValuesAscending
3 (3/3) BTPSearch3 Locked    btp 2, parent nil, left 1, right 3, branch bounds 1 - 3, weight 0, possible weight mods -0 +0
1 (2/3) BTPSearch1 Unlocked  btp 2, parent nil, left 1, right 3, branch bounds 1 - 3, weight 0, possible weight mods -0 +0
Process count: 1
3 (3/3) BTPSearch3 Locking   btp 3, parent 2, left nil, right nil, branch bounds 3 - 3, weight 0, possible weight mods -0 +0
1 (2/3) BTPSearch1 Unlocking btp 1, parent 2, left nil, right nil, branch bounds 1 - 1, weight 0, possible weight mods -0 +0
3 (3/3) BTPSearch3 Locked    btp 3, parent 2, left nil, right nil, branch bounds 3 - 3, weight 0, possible weight mods -0 +0
1 (2/3) BTPSearch1 Unlocked  btp 1, parent 2, left nil, right nil, branch bounds 1 - 1, weight 0, possible weight mods -0 +0
Process count: 2
3 (3/3) BTPSearch3 Unlocking btp 2, parent nil, left 1, right 3, branch bounds 1 - 3, weight 0, possible weight mods -0 +0
panic: send on closed channel

goroutine 8 [running]:
github.com/Scalu/sortablechallenge/sortablechallengeutils.runTest.func4.1(0xc042106120, 0xc0420099f0, 0x7)
	E:/Src/goworkspace/src/github.com/Scalu/sortablechallenge/sortablechallengeutils/BinaryTreeParrallel_test.go:105 +0x66
github.com/Scalu/sortablechallenge/sortablechallengeutils.runTest.func4(0xc042106120, 0xc0420099f0, 0x7, 0xc04210a000, 0x1, 0xc0420dc0c8, 0xc0420c3640, 0xc0421060c0)
	E:/Src/goworkspace/src/github.com/Scalu/sortablechallenge/sortablechallengeutils/BinaryTreeParrallel_test.go:116 +0x107
created by github.com/Scalu/sortablechallenge/sortablechallengeutils.runTest
	E:/Src/goworkspace/src/github.com/Scalu/sortablechallenge/sortablechallengeutils/BinaryTreeParrallel_test.go:116 +0x6df
exit status 2
FAIL	github.com/Scalu/sortablechallenge/sortablechallengeutils	0.047s
